Start testing: May 11 17:38 CST
----------------------------------------------------------
1/3 Testing: Runs
1/3 Test: Runs
Command: "/home/whyy/Code/CPP/cmake/cmake-3.26.3-tutorial-source/Step5/build/Tutorial" "25"
Directory: /home/whyy/Code/CPP/cmake/cmake-3.26.3-tutorial-source/Step5/build
"Runs" start time: May 11 17:38 CST
Output:
----------------------------------------------------------
Computing sqrt of 25 to be 13
Computing sqrt of 25 to be 7.46154
Computing sqrt of 25 to be 5.40603
Computing sqrt of 25 to be 5.01525
Computing sqrt of 25 to be 5.00002
Computing sqrt of 25 to be 5
Computing sqrt of 25 to be 5
Computing sqrt of 25 to be 5
Computing sqrt of 25 to be 5
Computing sqrt of 25 to be 5
The square root of 25 is 5
<end of output>
Test time =   0.00 sec
----------------------------------------------------------
Test Passed.
"Runs" end time: May 11 17:38 CST
"Runs" time elapsed: 00:00:00
----------------------------------------------------------

2/3 Testing: Usage
2/3 Test: Usage
Command: "/home/whyy/Code/CPP/cmake/cmake-3.26.3-tutorial-source/Step5/build/Tutorial"
Directory: /home/whyy/Code/CPP/cmake/cmake-3.26.3-tutorial-source/Step5/build
"Usage" start time: May 11 17:38 CST
Output:
----------------------------------------------------------
/home/whyy/Code/CPP/cmake/cmake-3.26.3-tutorial-source/Step5/build/Tutorial Version 1.0
Usage: /home/whyy/Code/CPP/cmake/cmake-3.26.3-tutorial-source/Step5/build/Tutorial number
<end of output>
Test time =   0.00 sec
----------------------------------------------------------
Test Pass Reason:
Required regular expression found. Regex=[Usage.*number]
"Usage" end time: May 11 17:38 CST
"Usage" time elapsed: 00:00:00
----------------------------------------------------------

3/3 Testing: StandardUse
3/3 Test: StandardUse
Command: "/home/whyy/Code/CPP/cmake/cmake-3.26.3-tutorial-source/Step5/build/Tutorial" "4"
Directory: /home/whyy/Code/CPP/cmake/cmake-3.26.3-tutorial-source/Step5/build
"StandardUse" start time: May 11 17:38 CST
Output:
----------------------------------------------------------
Computing sqrt of 4 to be 2.5
Computing sqrt of 4 to be 2.05
Computing sqrt of 4 to be 2.00061
Computing sqrt of 4 to be 2
Computing sqrt of 4 to be 2
Computing sqrt of 4 to be 2
Computing sqrt of 4 to be 2
Computing sqrt of 4 to be 2
Computing sqrt of 4 to be 2
Computing sqrt of 4 to be 2
The square root of 4 is 2
<end of output>
Test time =   0.00 sec
----------------------------------------------------------
Test Pass Reason:
Required regular expression found. Regex=[4 is 2]
"StandardUse" end time: May 11 17:38 CST
"StandardUse" time elapsed: 00:00:00
----------------------------------------------------------

End testing: May 11 17:38 CST
